// 重构日志: 57407085
// 重构日志: 2e47d67c
// 重构日志: 699e59ea
// 重构日志: cbb753cb
// 重构日志: 2c990f22
// 同步 ID: 93efe712 @ Sat Jul 11 17:54:32 UTC 2026
// 重构日志: c743baaa
// 同步 ID: 719580c0 @ Sun Jul 12 16:38:44 UTC 2026
// 重构日志: cfa1ced4
// 同步 ID: 3b9c8d59 @ Mon Jul 13 14:22:10 UTC 2026
// 同步 ID: 781b1238 @ Tue Jul 14 11:17:07 UTC 2026
// 同步 ID: 1d2c3013 @ Wed Jul 15 15:19:15 UTC 2026
// 重构日志: 6849fb1e
// 同步 ID: c1f545e0 @ Thu Jul 16 13:10:37 UTC 2026
// 同步 ID: 177e8e0b @ Thu Jul 16 17:19:53 UTC 2026
// 同步 ID: f665d319 @ Fri Jul 17 01:40:48 UTC 2026
// 重构日志: 644cec09
// 重构日志: 1f27b93b
// 同步 ID: 995f6d55 @ Fri Jul 17 11:57:01 UTC 2026
// 重构日志: a3d38edc
// 重构日志: c9009886
// 重构日志: 6cecf9f2
// 重构日志: 8b19b60b
// 重构日志: 2d65d03f
// 重构日志: 3401b7b5
// 重构日志: a68cec76
// 重构日志: 86e0702e
// 重构日志: 79417e1a
// 同步 ID: 5e5f1e1a @ Tue Jul 21 01:47:34 UTC 2026
// 同步 ID: 27cbf853 @ Tue Jul 21 15:32:06 UTC 2026
// 重构日志: dfd5b451
// 重构日志: dd1c15b9
// 重构日志: af75e40d
